\BOOKMARK [0][-]{chapter.1}{Introducci\363}{}% 1
\BOOKMARK [1][-]{section.1.1}{Antecedents}{chapter.1}% 2
\BOOKMARK [1][-]{section.1.2}{Objectiu}{chapter.1}% 3
\BOOKMARK [1][-]{section.1.3}{Abast}{chapter.1}% 4
\BOOKMARK [0][-]{chapter.2}{Funcionament del cor hum\340 i monitoritzaci\363}{}% 5
\BOOKMARK [1][-]{section.2.1}{Electrocardiograma}{chapter.2}% 6
\BOOKMARK [1][-]{section.2.2}{Rang de freq\374\350ncia card\355aca habitual}{chapter.2}% 7
\BOOKMARK [1][-]{section.2.3}{Electrocardi\362grafs actuals i soluci\363 proposada}{chapter.2}% 8
\BOOKMARK [0][-]{chapter.3}{Placa electr\362nica d'adquisici\363 de dades i comunicaci\363}{}% 9
\BOOKMARK [1][-]{section.3.1}{Alimentaci\363}{chapter.3}% 10
\BOOKMARK [1][-]{section.3.2}{Instrumentaci\363}{chapter.3}% 11
\BOOKMARK [1][-]{section.3.3}{Anell de LEDs}{chapter.3}% 12
\BOOKMARK [1][-]{section.3.4}{Comunicaci\363}{chapter.3}% 13
\BOOKMARK [1][-]{section.3.5}{Circuit impr\350s}{chapter.3}% 14
\BOOKMARK [0][-]{chapter.4}{Programaci\363}{}% 15
\BOOKMARK [1][-]{section.4.1}{Organigrama Arduino Nano}{chapter.4}% 16
\BOOKMARK [1][-]{section.4.2}{Programaci\363 Arduino Nano}{chapter.4}% 17
\BOOKMARK [1][-]{section.4.3}{Organigrama placa Wi-Fi}{chapter.4}% 18
\BOOKMARK [1][-]{section.4.4}{Programaci\363 placa Wi-Fi}{chapter.4}% 19
\BOOKMARK [1][-]{section.4.5}{P\340gina web}{chapter.4}% 20
\BOOKMARK [0][-]{chapter.5}{Conclusi\363}{}% 21
\BOOKMARK [0][-]{chapter.6}{Bibliografia}{}% 22
\BOOKMARK [0][-]{chapter.7}{Glossari}{}% 23
\BOOKMARK [0][-]{appendix.A}{Programes}{}% 24
\BOOKMARK [1][-]{section.A.1}{Programa Arduino Nano}{appendix.A}% 25
\BOOKMARK [1][-]{section.A.2}{Programa ESP-01}{appendix.A}% 26
